2019-02-23 11:15:21.534+0000: starting up libvirt version: 1.3.1, package: 1ubuntu10.24 (Marc Deslauriers <marc.deslauriers@ubuntu.com> Wed, 23 May 2018 13:29:29 -0400), qemu version: 2.5.0 (Debian 1:2.5+dfsg-5ubuntu10.34), hostname: zqy-desktop
LC_ALL=C PATH=/usr/local/sbin:/usr/local/bin:/usr/sbin:/usr/bin:/sbin:/bin QEMU_AUDIO_DRV=spice /usr/bin/kvm-spice -name ubuntu16.04-2 -S -machine pc-i440fx-xenial,accel=kvm,usb=off -cpu Broadwell-IBRS -m 4096 -realtime mlock=off -smp 4,sockets=4,cores=1,threads=1 -uuid 83072e7f-0ba3-4524-ad4f-76f942648e12 -no-user-config -nodefaults -chardev socket,id=charmonitor,path=/var/lib/libvirt/qemu/domain-ubuntu16.04-2/monitor.sock,server,nowait -mon chardev=charmonitor,id=monitor,mode=control -rtc base=utc,driftfix=slew -global kvm-pit.lost_tick_policy=discard -no-hpet -no-reboot -global PIIX4_PM.disable_s3=1 -global PIIX4_PM.disable_s4=1 -boot strict=on -device ich9-usb-ehci1,id=usb,bus=pci.0,addr=0x6.0x7 -device ich9-usb-uhci1,masterbus=usb.0,firstport=0,bus=pci.0,multifunction=on,addr=0x6 -device ich9-usb-uhci2,masterbus=usb.0,firstport=2,bus=pci.0,addr=0x6.0x1 -device ich9-usb-uhci3,masterbus=usb.0,firstport=4,bus=pci.0,addr=0x6.0x2 -device virtio-serial-pci,id=virtio-serial0,bus=pci.0,addr=0x5 -drive file=/var/lib/libvirt/images/ubuntu16.04-2.qcow2,format=qcow2,if=none,id=drive-ide0-0-0 -device ide-hd,bus=ide.0,unit=0,drive=drive-ide0-0-0,id=ide0-0-0,bootindex=2 -drive file=/home/zqy/Software/ubuntu-16.04.5-desktop-amd64.iso,format=raw,if=none,id=drive-ide0-0-1,readonly=on -device ide-cd,bus=ide.0,unit=1,drive=drive-ide0-0-1,id=ide0-0-1,bootindex=1 -netdev tap,fd=26,id=hostnet0 -device rtl8139,netdev=hostnet0,id=net0,mac=52:54:00:1f:94:fc,bus=pci.0,addr=0x3 -chardev pty,id=charserial0 -device isa-serial,chardev=charserial0,id=serial0 -chardev spicevmc,id=charchannel0,name=vdagent -device virtserialport,bus=virtio-serial0.0,nr=1,chardev=charchannel0,id=channel0,name=com.redhat.spice.0 -spice port=5900,addr=127.0.0.1,disable-ticketing,image-compression=off,seamless-migration=on -device qxl-vga,id=video0,ram_size=67108864,vram_size=67108864,vgamem_mb=16,bus=pci.0,addr=0x2 -device intel-hda,id=sound0,bus=pci.0,addr=0x4 -device hda-duplex,id=sound0-codec0,bus=sound0.0,cad=0 -chardev spicevmc,id=charredir0,name=usbredir -device usb-redir,chardev=charredir0,id=redir0 -chardev spicevmc,id=charredir1,name=usbredir -device usb-redir,chardev=charredir1,id=redir1 -device virtio-balloon-pci,id=balloon0,bus=pci.0,addr=0x7 -msg timestamp=on
char device redirected to /dev/pts/20 (label charserial0)
main_channel_link: add main channel client
main_channel_handle_parsed: net test: latency 0.097000 ms, bitrate 60235294117 bps (57444.852941 Mbps)
red_dispatcher_set_cursor_peer: 
inputs_connect: inputs channel client create
red_channel_client_disconnect_dummy: rcc=0x55e0efdf3cd0 (channel=0x55e0ef0eee60 type=5 id=0)
snd_channel_put: SndChannel=0x55e0efed8220 freed
red_channel_client_disconnect_dummy: rcc=0x55e0efd86e00 (channel=0x55e0ef0ef150 type=6 id=0)
snd_channel_put: SndChannel=0x55e0eff795a0 freed
2019-02-23 11:26:39.415+0000: starting up libvirt version: 1.3.1, package: 1ubuntu10.24 (Marc Deslauriers <marc.deslauriers@ubuntu.com> Wed, 23 May 2018 13:29:29 -0400), qemu version: 2.5.0 (Debian 1:2.5+dfsg-5ubuntu10.34), hostname: zqy-desktop
LC_ALL=C PATH=/usr/local/sbin:/usr/local/bin:/usr/sbin:/usr/bin:/sbin:/bin QEMU_AUDIO_DRV=spice /usr/bin/kvm-spice -name ubuntu16.04-2 -S -machine pc-i440fx-xenial,accel=kvm,usb=off -cpu Broadwell-IBRS -m 4096 -realtime mlock=off -smp 4,sockets=4,cores=1,threads=1 -uuid 83072e7f-0ba3-4524-ad4f-76f942648e12 -no-user-config -nodefaults -chardev socket,id=charmonitor,path=/var/lib/libvirt/qemu/domain-ubuntu16.04-2/monitor.sock,server,nowait -mon chardev=charmonitor,id=monitor,mode=control -rtc base=utc,driftfix=slew -global kvm-pit.lost_tick_policy=discard -no-hpet -no-shutdown -global PIIX4_PM.disable_s3=1 -global PIIX4_PM.disable_s4=1 -boot strict=on -device ich9-usb-ehci1,id=usb,bus=pci.0,addr=0x6.0x7 -device ich9-usb-uhci1,masterbus=usb.0,firstport=0,bus=pci.0,multifunction=on,addr=0x6 -device ich9-usb-uhci2,masterbus=usb.0,firstport=2,bus=pci.0,addr=0x6.0x1 -device ich9-usb-uhci3,masterbus=usb.0,firstport=4,bus=pci.0,addr=0x6.0x2 -device virtio-serial-pci,id=virtio-serial0,bus=pci.0,addr=0x5 -drive file=/var/lib/libvirt/images/ubuntu16.04-2.qcow2,format=qcow2,if=none,id=drive-ide0-0-0 -device ide-hd,bus=ide.0,unit=0,drive=drive-ide0-0-0,id=ide0-0-0,bootindex=1 -drive if=none,id=drive-ide0-0-1,readonly=on -device ide-cd,bus=ide.0,unit=1,drive=drive-ide0-0-1,id=ide0-0-1 -netdev tap,fd=26,id=hostnet0 -device rtl8139,netdev=hostnet0,id=net0,mac=52:54:00:1f:94:fc,bus=pci.0,addr=0x3 -chardev pty,id=charserial0 -device isa-serial,chardev=charserial0,id=serial0 -chardev spicevmc,id=charchannel0,name=vdagent -device virtserialport,bus=virtio-serial0.0,nr=1,chardev=charchannel0,id=channel0,name=com.redhat.spice.0 -spice port=5900,addr=127.0.0.1,disable-ticketing,image-compression=off,seamless-migration=on -device qxl-vga,id=video0,ram_size=67108864,vram_size=67108864,vgamem_mb=16,bus=pci.0,addr=0x2 -device intel-hda,id=sound0,bus=pci.0,addr=0x4 -device hda-duplex,id=sound0-codec0,bus=sound0.0,cad=0 -chardev spicevmc,id=charredir0,name=usbredir -device usb-redir,chardev=charredir0,id=redir0 -chardev spicevmc,id=charredir1,name=usbredir -device usb-redir,chardev=charredir1,id=redir1 -device virtio-balloon-pci,id=balloon0,bus=pci.0,addr=0x7 -msg timestamp=on
char device redirected to /dev/pts/20 (label charserial0)
main_channel_link: add main channel client
main_channel_handle_parsed: net test: invalid values, latency 207 roundtrip 206. assuming high bandwidth
red_dispatcher_set_cursor_peer: 
inputs_connect: inputs channel client create
inputs_detach_tablet: 
inputs_detach_tablet: 
inputs_detach_tablet: 
2019-02-23T11:35:10.204787Z qemu-system-x86_64: terminating on signal 15 from pid 1113
red_channel_client_disconnect_dummy: rcc=0x556347d0cd20 (channel=0x556347d0a6b0 type=5 id=0)
snd_channel_put: SndChannel=0x556348067db0 freed
red_channel_client_disconnect_dummy: rcc=0x55634811c680 (channel=0x556347d0c830 type=6 id=0)
snd_channel_put: SndChannel=0x556348296be0 freed
2019-02-23 11:35:32.010+0000: shutting down
2019-02-23 11:35:58.774+0000: shutting down
2019-02-23 11:44:22.700+0000: starting up libvirt version: 1.3.1, package: 1ubuntu10.24 (Marc Deslauriers <marc.deslauriers@ubuntu.com> Wed, 23 May 2018 13:29:29 -0400), qemu version: 2.5.0 (Debian 1:2.5+dfsg-5ubuntu10.34), hostname: zqy-desktop
LC_ALL=C PATH=/usr/local/sbin:/usr/local/bin:/usr/sbin:/usr/bin:/sbin:/bin QEMU_AUDIO_DRV=spice /usr/bin/kvm-spice -name ubuntu16.04-2 -S -machine pc-i440fx-xenial,accel=kvm,usb=off -cpu Broadwell-IBRS -m 4096 -realtime mlock=off -smp 4,sockets=4,cores=1,threads=1 -uuid 83072e7f-0ba3-4524-ad4f-76f942648e12 -no-user-config -nodefaults -chardev socket,id=charmonitor,path=/var/lib/libvirt/qemu/domain-ubuntu16.04-2/monitor.sock,server,nowait -mon chardev=charmonitor,id=monitor,mode=control -rtc base=utc,driftfix=slew -global kvm-pit.lost_tick_policy=discard -no-hpet -no-shutdown -global PIIX4_PM.disable_s3=1 -global PIIX4_PM.disable_s4=1 -boot strict=on -device ich9-usb-ehci1,id=usb,bus=pci.0,addr=0x6.0x7 -device ich9-usb-uhci1,masterbus=usb.0,firstport=0,bus=pci.0,multifunction=on,addr=0x6 -device ich9-usb-uhci2,masterbus=usb.0,firstport=2,bus=pci.0,addr=0x6.0x1 -device ich9-usb-uhci3,masterbus=usb.0,firstport=4,bus=pci.0,addr=0x6.0x2 -device virtio-serial-pci,id=virtio-serial0,bus=pci.0,addr=0x5 -drive file=/var/lib/libvirt/images/ubuntu16.04-2.qcow2,format=qcow2,if=none,id=drive-ide0-0-0 -device ide-hd,bus=ide.0,unit=0,drive=drive-ide0-0-0,id=ide0-0-0,bootindex=1 -drive if=none,id=drive-ide0-0-1,readonly=on -device ide-cd,bus=ide.0,unit=1,drive=drive-ide0-0-1,id=ide0-0-1 -netdev tap,fd=26,id=hostnet0 -device e1000,netdev=hostnet0,id=net0,mac=52:54:00:1f:94:fc,bus=pci.0,addr=0x3 -netdev tap,fd=28,id=hostnet1 -device rtl8139,netdev=hostnet1,id=net1,mac=52:54:00:ab:d4:14,bus=pci.0,addr=0x8 -chardev pty,id=charserial0 -device isa-serial,chardev=charserial0,id=serial0 -chardev spicevmc,id=charchannel0,name=vdagent -device virtserialport,bus=virtio-serial0.0,nr=1,chardev=charchannel0,id=channel0,name=com.redhat.spice.0 -spice port=5900,addr=127.0.0.1,disable-ticketing,image-compression=off,seamless-migration=on -device qxl-vga,id=video0,ram_size=67108864,vram_size=67108864,vgamem_mb=16,bus=pci.0,addr=0x2 -device intel-hda,id=sound0,bus=pci.0,addr=0x4 -device hda-duplex,id=sound0-codec0,bus=sound0.0,cad=0 -chardev spicevmc,id=charredir0,name=usbredir -device usb-redir,chardev=charredir0,id=redir0 -chardev spicevmc,id=charredir1,name=usbredir -device usb-redir,chardev=charredir1,id=redir1 -device virtio-balloon-pci,id=balloon0,bus=pci.0,addr=0x7 -msg timestamp=on
char device redirected to /dev/pts/20 (label charserial0)
main_channel_link: add main channel client
main_channel_handle_parsed: net test: latency 3.928000 ms, bitrate 136533333333 bps (130208.333333 Mbps)
red_dispatcher_set_cursor_peer: 
inputs_connect: inputs channel client create
inputs_detach_tablet: 
2019-02-23T11:59:57.803645Z qemu-system-x86_64: terminating on signal 15 from pid 1113
red_channel_client_disconnect_dummy: rcc=0x55ba05639ac0 (channel=0x55ba05a91670 type=5 id=0)
snd_channel_put: SndChannel=0x55ba059035d0 freed
red_channel_client_disconnect_dummy: rcc=0x55ba058173f0 (channel=0x55ba05a93810 type=6 id=0)
snd_channel_put: SndChannel=0x55ba04c28000 freed
2019-02-23 12:01:50.456+0000: starting up libvirt version: 1.3.1, package: 1ubuntu10.24 (Marc Deslauriers <marc.deslauriers@ubuntu.com> Wed, 23 May 2018 13:29:29 -0400), qemu version: 2.5.0 (Debian 1:2.5+dfsg-5ubuntu10.34), hostname: zqy-desktop
LC_ALL=C PATH=/usr/local/sbin:/usr/local/bin:/usr/sbin:/usr/bin:/sbin:/bin QEMU_AUDIO_DRV=spice /usr/bin/kvm-spice -name ubuntu16.04-2 -S -machine pc-i440fx-xenial,accel=kvm,usb=off -cpu Broadwell-IBRS -m 4096 -realtime mlock=off -smp 4,sockets=4,cores=1,threads=1 -uuid 83072e7f-0ba3-4524-ad4f-76f942648e12 -no-user-config -nodefaults -chardev socket,id=charmonitor,path=/var/lib/libvirt/qemu/domain-ubuntu16.04-2/monitor.sock,server,nowait -mon chardev=charmonitor,id=monitor,mode=control -rtc base=utc,driftfix=slew -global kvm-pit.lost_tick_policy=discard -no-hpet -no-shutdown -global PIIX4_PM.disable_s3=1 -global PIIX4_PM.disable_s4=1 -boot strict=on -device ich9-usb-ehci1,id=usb,bus=pci.0,addr=0x6.0x7 -device ich9-usb-uhci1,masterbus=usb.0,firstport=0,bus=pci.0,multifunction=on,addr=0x6 -device ich9-usb-uhci2,masterbus=usb.0,firstport=2,bus=pci.0,addr=0x6.0x1 -device ich9-usb-uhci3,masterbus=usb.0,firstport=4,bus=pci.0,addr=0x6.0x2 -device virtio-serial-pci,id=virtio-serial0,bus=pci.0,addr=0x5 -drive file=/var/lib/libvirt/images/ubuntu16.04-2.qcow2,format=qcow2,if=none,id=drive-ide0-0-0 -device ide-hd,bus=ide.0,unit=0,drive=drive-ide0-0-0,id=ide0-0-0,bootindex=1 -drive if=none,id=drive-ide0-0-1,readonly=on -device ide-cd,bus=ide.0,unit=1,drive=drive-ide0-0-1,id=ide0-0-1 -netdev tap,fd=26,id=hostnet0 -device e1000,netdev=hostnet0,id=net0,mac=52:54:00:7b:94:49,bus=pci.0,addr=0x3 -chardev pty,id=charserial0 -device isa-serial,chardev=charserial0,id=serial0 -chardev spicevmc,id=charchannel0,name=vdagent -device virtserialport,bus=virtio-serial0.0,nr=1,chardev=charchannel0,id=channel0,name=com.redhat.spice.0 -spice port=5900,addr=127.0.0.1,disable-ticketing,image-compression=off,seamless-migration=on -device qxl-vga,id=video0,ram_size=67108864,vram_size=67108864,vgamem_mb=16,bus=pci.0,addr=0x2 -device intel-hda,id=sound0,bus=pci.0,addr=0x4 -device hda-duplex,id=sound0-codec0,bus=sound0.0,cad=0 -chardev spicevmc,id=charredir0,name=usbredir -device usb-redir,chardev=charredir0,id=redir0 -chardev spicevmc,id=charredir1,name=usbredir -device usb-redir,chardev=charredir1,id=redir1 -device virtio-balloon-pci,id=balloon0,bus=pci.0,addr=0x7 -msg timestamp=on
char device redirected to /dev/pts/20 (label charserial0)
main_channel_link: add main channel client
main_channel_handle_parsed: net test: latency 0.075000 ms, bitrate 21557894736 bps (20559.210526 Mbps)
red_dispatcher_set_cursor_peer: 
inputs_connect: inputs channel client create
2019-02-23 13:00:13.516+0000: starting up libvirt version: 1.3.1, package: 1ubuntu10.24 (Marc Deslauriers <marc.deslauriers@ubuntu.com> Wed, 23 May 2018 13:29:29 -0400), qemu version: 2.5.0 (Debian 1:2.5+dfsg-5ubuntu10.34), hostname: zqy-desktop
LC_ALL=C PATH=/usr/local/sbin:/usr/local/bin:/usr/sbin:/usr/bin:/sbin:/bin QEMU_AUDIO_DRV=spice /usr/bin/kvm-spice -name ubuntu16.04-2 -S -machine pc-i440fx-xenial,accel=kvm,usb=off -cpu Broadwell-IBRS -m 4096 -realtime mlock=off -smp 4,sockets=4,cores=1,threads=1 -uuid 83072e7f-0ba3-4524-ad4f-76f942648e12 -no-user-config -nodefaults -chardev socket,id=charmonitor,path=/var/lib/libvirt/qemu/domain-ubuntu16.04-2/monitor.sock,server,nowait -mon chardev=charmonitor,id=monitor,mode=control -rtc base=utc,driftfix=slew -global kvm-pit.lost_tick_policy=discard -no-hpet -no-shutdown -global PIIX4_PM.disable_s3=1 -global PIIX4_PM.disable_s4=1 -boot strict=on -device ich9-usb-ehci1,id=usb,bus=pci.0,addr=0x6.0x7 -device ich9-usb-uhci1,masterbus=usb.0,firstport=0,bus=pci.0,multifunction=on,addr=0x6 -device ich9-usb-uhci2,masterbus=usb.0,firstport=2,bus=pci.0,addr=0x6.0x1 -device ich9-usb-uhci3,masterbus=usb.0,firstport=4,bus=pci.0,addr=0x6.0x2 -device virtio-serial-pci,id=virtio-serial0,bus=pci.0,addr=0x5 -drive file=/var/lib/libvirt/images/ubuntu16.04-2.qcow2,format=qcow2,if=none,id=drive-ide0-0-0 -device ide-hd,bus=ide.0,unit=0,drive=drive-ide0-0-0,id=ide0-0-0,bootindex=1 -drive if=none,id=drive-ide0-0-1,readonly=on -device ide-cd,bus=ide.0,unit=1,drive=drive-ide0-0-1,id=ide0-0-1 -netdev tap,fd=26,id=hostnet0 -device e1000,netdev=hostnet0,id=net0,mac=52:54:00:7b:94:49,bus=pci.0,addr=0x3 -netdev tap,fd=28,id=hostnet1 -device rtl8139,netdev=hostnet1,id=net1,mac=52:54:00:96:29:df,bus=pci.0,addr=0x8 -chardev pty,id=charserial0 -device isa-serial,chardev=charserial0,id=serial0 -chardev spicevmc,id=charchannel0,name=vdagent -device virtserialport,bus=virtio-serial0.0,nr=1,chardev=charchannel0,id=channel0,name=com.redhat.spice.0 -spice port=5900,addr=127.0.0.1,disable-ticketing,image-compression=off,seamless-migration=on -device qxl-vga,id=video0,ram_size=67108864,vram_size=67108864,vgamem_mb=16,bus=pci.0,addr=0x2 -device intel-hda,id=sound0,bus=pci.0,addr=0x4 -device hda-duplex,id=sound0-codec0,bus=sound0.0,cad=0 -chardev spicevmc,id=charredir0,name=usbredir -device usb-redir,chardev=charredir0,id=redir0 -chardev spicevmc,id=charredir1,name=usbredir -device usb-redir,chardev=charredir1,id=redir1 -device virtio-balloon-pci,id=balloon0,bus=pci.0,addr=0x7 -msg timestamp=on
char device redirected to /dev/pts/2 (label charserial0)
main_channel_link: add main channel client
main_channel_handle_parsed: net test: invalid values, latency 17707 roundtrip 17706. assuming high bandwidth
red_dispatcher_set_cursor_peer: 
inputs_connect: inputs channel client create
inputs_detach_tablet: 
2019-02-23T13:23:27.257222Z qemu-system-x86_64: terminating on signal 15 from pid 1676
red_channel_client_disconnect_dummy: rcc=0x555cba49eac0 (channel=0x555cba8f6670 type=5 id=0)
snd_channel_put: SndChannel=0x555cba7685d0 freed
red_channel_client_disconnect_dummy: rcc=0x555cba67c3f0 (channel=0x555cba8f8810 type=6 id=0)
snd_channel_put: SndChannel=0x555cb9a8d000 freed
2019-02-23 14:12:03.754+0000: starting up libvirt version: 1.3.1, package: 1ubuntu10.24 (Marc Deslauriers <marc.deslauriers@ubuntu.com> Wed, 23 May 2018 13:29:29 -0400), qemu version: 2.5.0 (Debian 1:2.5+dfsg-5ubuntu10.34), hostname: zqy-desktop
LC_ALL=C PATH=/usr/local/sbin:/usr/local/bin:/usr/sbin:/usr/bin:/sbin:/bin QEMU_AUDIO_DRV=spice /usr/bin/kvm-spice -name ubuntu16.04-2 -S -machine pc-i440fx-xenial,accel=kvm,usb=off -cpu Broadwell-IBRS -m 4096 -realtime mlock=off -smp 4,sockets=4,cores=1,threads=1 -uuid 83072e7f-0ba3-4524-ad4f-76f942648e12 -no-user-config -nodefaults -chardev socket,id=charmonitor,path=/var/lib/libvirt/qemu/domain-ubuntu16.04-2/monitor.sock,server,nowait -mon chardev=charmonitor,id=monitor,mode=control -rtc base=utc,driftfix=slew -global kvm-pit.lost_tick_policy=discard -no-hpet -no-shutdown -global PIIX4_PM.disable_s3=1 -global PIIX4_PM.disable_s4=1 -boot strict=on -device ich9-usb-ehci1,id=usb,bus=pci.0,addr=0x6.0x7 -device ich9-usb-uhci1,masterbus=usb.0,firstport=0,bus=pci.0,multifunction=on,addr=0x6 -device ich9-usb-uhci2,masterbus=usb.0,firstport=2,bus=pci.0,addr=0x6.0x1 -device ich9-usb-uhci3,masterbus=usb.0,firstport=4,bus=pci.0,addr=0x6.0x2 -device virtio-serial-pci,id=virtio-serial0,bus=pci.0,addr=0x5 -drive file=/var/lib/libvirt/images/ubuntu16.04-2.qcow2,format=qcow2,if=none,id=drive-ide0-0-0 -device ide-hd,bus=ide.0,unit=0,drive=drive-ide0-0-0,id=ide0-0-0,bootindex=1 -drive if=none,id=drive-ide0-0-1,readonly=on -device ide-cd,bus=ide.0,unit=1,drive=drive-ide0-0-1,id=ide0-0-1 -netdev tap,fd=26,id=hostnet0 -device e1000,netdev=hostnet0,id=net0,mac=52:54:00:7b:94:49,bus=pci.0,addr=0x3 -netdev tap,fd=28,id=hostnet1 -device e1000,netdev=hostnet1,id=net1,mac=52:54:00:96:29:df,bus=pci.0,addr=0x8 -chardev pty,id=charserial0 -device isa-serial,chardev=charserial0,id=serial0 -chardev spicevmc,id=charchannel0,name=vdagent -device virtserialport,bus=virtio-serial0.0,nr=1,chardev=charchannel0,id=channel0,name=com.redhat.spice.0 -spice port=5900,addr=127.0.0.1,disable-ticketing,image-compression=off,seamless-migration=on -device qxl-vga,id=video0,ram_size=67108864,vram_size=67108864,vgamem_mb=16,bus=pci.0,addr=0x2 -device intel-hda,id=sound0,bus=pci.0,addr=0x4 -device hda-duplex,id=sound0-codec0,bus=sound0.0,cad=0 -chardev spicevmc,id=charredir0,name=usbredir -device usb-redir,chardev=charredir0,id=redir0 -chardev spicevmc,id=charredir1,name=usbredir -device usb-redir,chardev=charredir1,id=redir1 -device virtio-balloon-pci,id=balloon0,bus=pci.0,addr=0x7 -msg timestamp=on
char device redirected to /dev/pts/21 (label charserial0)
main_channel_link: add main channel client
main_channel_handle_parsed: net test: latency 52.546000 ms, bitrate 30117647058 bps (28722.426470 Mbps)
red_dispatcher_set_cursor_peer: 
inputs_connect: inputs channel client create
2019-02-23T15:24:30.328099Z qemu-system-x86_64: terminating on signal 15 from pid 1519
red_channel_client_disconnect_dummy: rcc=0x55a693b42d00 (channel=0x55a693610020 type=5 id=0)
snd_channel_put: SndChannel=0x55a6937a56c0 freed
red_channel_client_disconnect_dummy: rcc=0x55a693b9c7d0 (channel=0x55a6936121a0 type=6 id=0)
snd_channel_put: SndChannel=0x55a6932ef300 freed
red_channel_client_disconnect: rcc=0x7f8ddc237a40 (channel=0x7f8ddc20b990 type=2 id=0)
red_channel_client_disconnect: rcc=0x7f8ddc22ff60 (channel=0x7f8ddc20bf60 type=4 id=0)
2019-02-24 05:57:02.196+0000: starting up libvirt version: 1.3.1, package: 1ubuntu10.24 (Marc Deslauriers <marc.deslauriers@ubuntu.com> Wed, 23 May 2018 13:29:29 -0400), qemu version: 2.5.0 (Debian 1:2.5+dfsg-5ubuntu10.34), hostname: zqy-desktop
LC_ALL=C PATH=/usr/local/sbin:/usr/local/bin:/usr/sbin:/usr/bin:/sbin:/bin QEMU_AUDIO_DRV=spice /usr/bin/kvm-spice -name ubuntu16.04-2 -S -machine pc-i440fx-xenial,accel=kvm,usb=off -cpu Broadwell-IBRS -m 4096 -realtime mlock=off -smp 4,sockets=4,cores=1,threads=1 -uuid 83072e7f-0ba3-4524-ad4f-76f942648e12 -no-user-config -nodefaults -chardev socket,id=charmonitor,path=/var/lib/libvirt/qemu/domain-ubuntu16.04-2/monitor.sock,server,nowait -mon chardev=charmonitor,id=monitor,mode=control -rtc base=utc,driftfix=slew -global kvm-pit.lost_tick_policy=discard -no-hpet -no-shutdown -global PIIX4_PM.disable_s3=1 -global PIIX4_PM.disable_s4=1 -boot strict=on -device ich9-usb-ehci1,id=usb,bus=pci.0,addr=0x6.0x7 -device ich9-usb-uhci1,masterbus=usb.0,firstport=0,bus=pci.0,multifunction=on,addr=0x6 -device ich9-usb-uhci2,masterbus=usb.0,firstport=2,bus=pci.0,addr=0x6.0x1 -device ich9-usb-uhci3,masterbus=usb.0,firstport=4,bus=pci.0,addr=0x6.0x2 -device virtio-serial-pci,id=virtio-serial0,bus=pci.0,addr=0x5 -drive file=/var/lib/libvirt/images/ubuntu16.04-2.qcow2,format=qcow2,if=none,id=drive-ide0-0-0 -device ide-hd,bus=ide.0,unit=0,drive=drive-ide0-0-0,id=ide0-0-0,bootindex=1 -drive if=none,id=drive-ide0-0-1,readonly=on -device ide-cd,bus=ide.0,unit=1,drive=drive-ide0-0-1,id=ide0-0-1 -netdev tap,fd=26,id=hostnet0 -device e1000,netdev=hostnet0,id=net0,mac=52:54:00:7b:94:49,bus=pci.0,addr=0x3 -netdev tap,fd=28,id=hostnet1 -device e1000,netdev=hostnet1,id=net1,mac=52:54:00:96:29:df,bus=pci.0,addr=0x8 -chardev pty,id=charserial0 -device isa-serial,chardev=charserial0,id=serial0 -chardev spicevmc,id=charchannel0,name=vdagent -device virtserialport,bus=virtio-serial0.0,nr=1,chardev=charchannel0,id=channel0,name=com.redhat.spice.0 -spice port=5900,addr=127.0.0.1,disable-ticketing,image-compression=off,seamless-migration=on -device qxl-vga,id=video0,ram_size=67108864,vram_size=67108864,vgamem_mb=16,bus=pci.0,addr=0x2 -device intel-hda,id=sound0,bus=pci.0,addr=0x4 -device hda-duplex,id=sound0-codec0,bus=sound0.0,cad=0 -chardev spicevmc,id=charredir0,name=usbredir -device usb-redir,chardev=charredir0,id=redir0 -chardev spicevmc,id=charredir1,name=usbredir -device usb-redir,chardev=charredir1,id=redir1 -device vfio-pci,host=05:00.0,id=hostdev0,bus=pci.0,addr=0x9 -device virtio-balloon-pci,id=balloon0,bus=pci.0,addr=0x7 -msg timestamp=on
char device redirected to /dev/pts/3 (label charserial0)
main_channel_link: add main channel client
main_channel_handle_parsed: net test: invalid values, latency 68214 roundtrip 68212. assuming high bandwidth
red_dispatcher_set_cursor_peer: 
inputs_connect: inputs channel client create
2019-02-24T05:59:26.443183Z qemu-system-x86_64: terminating on signal 15 from pid 1414
red_channel_client_disconnect_dummy: rcc=0x55d8270ae560 (channel=0x55d826d4c970 type=5 id=0)
snd_channel_put: SndChannel=0x55d82689c000 freed
red_channel_client_disconnect_dummy: rcc=0x55d826e18190 (channel=0x55d826d4cc60 type=6 id=0)
snd_channel_put: SndChannel=0x55d82661a800 freed
red_channel_client_disconnect: rcc=0x7fc3080ba010 (channel=0x7fc1dc20b990 type=2 id=0)
red_channel_client_disconnect: rcc=0x7fc1dc228720 (channel=0x7fc1dc20bf60 type=4 id=0)
2019-02-24 06:29:36.509+0000: starting up libvirt version: 1.3.1, package: 1ubuntu10.24 (Marc Deslauriers <marc.deslauriers@ubuntu.com> Wed, 23 May 2018 13:29:29 -0400), qemu version: 2.5.0 (Debian 1:2.5+dfsg-5ubuntu10.34), hostname: zqy-desktop
LC_ALL=C PATH=/usr/local/sbin:/usr/local/bin:/usr/sbin:/usr/bin:/sbin:/bin QEMU_AUDIO_DRV=spice /usr/bin/kvm-spice -name ubuntu16.04-2 -S -machine pc-i440fx-xenial,accel=kvm,usb=off -cpu Broadwell-IBRS -m 4096 -realtime mlock=off -smp 4,sockets=4,cores=1,threads=1 -uuid 83072e7f-0ba3-4524-ad4f-76f942648e12 -no-user-config -nodefaults -chardev socket,id=charmonitor,path=/var/lib/libvirt/qemu/domain-ubuntu16.04-2/monitor.sock,server,nowait -mon chardev=charmonitor,id=monitor,mode=control -rtc base=utc,driftfix=slew -global kvm-pit.lost_tick_policy=discard -no-hpet -no-shutdown -global PIIX4_PM.disable_s3=1 -global PIIX4_PM.disable_s4=1 -boot strict=on -device ich9-usb-ehci1,id=usb,bus=pci.0,addr=0x6.0x7 -device ich9-usb-uhci1,masterbus=usb.0,firstport=0,bus=pci.0,multifunction=on,addr=0x6 -device ich9-usb-uhci2,masterbus=usb.0,firstport=2,bus=pci.0,addr=0x6.0x1 -device ich9-usb-uhci3,masterbus=usb.0,firstport=4,bus=pci.0,addr=0x6.0x2 -device virtio-serial-pci,id=virtio-serial0,bus=pci.0,addr=0x5 -drive file=/var/lib/libvirt/images/ubuntu16.04-2.qcow2,format=qcow2,if=none,id=drive-ide0-0-0 -device ide-hd,bus=ide.0,unit=0,drive=drive-ide0-0-0,id=ide0-0-0,bootindex=1 -drive if=none,id=drive-ide0-0-1,readonly=on -device ide-cd,bus=ide.0,unit=1,drive=drive-ide0-0-1,id=ide0-0-1 -netdev tap,fd=26,id=hostnet0 -device e1000,netdev=hostnet0,id=net0,mac=52:54:00:7b:94:49,bus=pci.0,addr=0x3 -netdev tap,fd=28,id=hostnet1 -device e1000,netdev=hostnet1,id=net1,mac=52:54:00:96:29:df,bus=pci.0,addr=0x8 -chardev pty,id=charserial0 -device isa-serial,chardev=charserial0,id=serial0 -chardev spicevmc,id=charchannel0,name=vdagent -device virtserialport,bus=virtio-serial0.0,nr=1,chardev=charchannel0,id=channel0,name=com.redhat.spice.0 -spice port=5900,addr=127.0.0.1,disable-ticketing,image-compression=off,seamless-migration=on -device qxl-vga,id=video0,ram_size=67108864,vram_size=67108864,vgamem_mb=16,bus=pci.0,addr=0x2 -device intel-hda,id=sound0,bus=pci.0,addr=0x4 -device hda-duplex,id=sound0-codec0,bus=sound0.0,cad=0 -chardev spicevmc,id=charredir0,name=usbredir -device usb-redir,chardev=charredir0,id=redir0 -chardev spicevmc,id=charredir1,name=usbredir -device usb-redir,chardev=charredir1,id=redir1 -device vfio-pci,host=05:00.0,id=hostdev0,bus=pci.0,addr=0x9 -device virtio-balloon-pci,id=balloon0,bus=pci.0,addr=0x7 -msg timestamp=on
char device redirected to /dev/pts/3 (label charserial0)
main_channel_link: add main channel client
main_channel_handle_parsed: net test: invalid values, latency 130 roundtrip 128. assuming high bandwidth
red_dispatcher_set_cursor_peer: 
inputs_connect: inputs channel client create
